<?xml version="1.0" encoding="UTF-8"?>
<testsuite name="test.pivotal.pal.trackerapi.WelcomeApiTest" tests="1" skipped="0" failures="0" errors="0" timestamp="2018-12-05T04:20:05" hostname="pal8-OptiPlex-7050" time="0.014">
  <properties/>
  <testcase name="exampleTest" classname="test.pivotal.pal.trackerapi.WelcomeApiTest" time="0.014"/>
  <system-out><![CDATA[2018-12-05 09:50:05.567  INFO 12742 --- [    Test worker] .b.t.c.SpringBootTestContextBootstrapper : Neither @ContextConfiguration nor @ContextHierarchy found for test class [test.pivotal.pal.trackerapi.WelcomeApiTest], using SpringBootContextLoader
2018-12-05 09:50:05.568  INFO 12742 --- [    Test worker] o.s.t.c.support.AbstractContextLoader    : Could not detect default resource locations for test class [test.pivotal.pal.trackerapi.WelcomeApiTest]: no resource found for suffixes {-context.xml, Context.groovy}.
2018-12-05 09:50:05.573  INFO 12742 --- [    Test worker] .b.t.c.SpringBootTestContextBootstrapper : Loaded default TestExecutionListener class names from location [META-INF/spring.factories]: [org.springframework.boot.test.autoconfigure.restdocs.RestDocsTestExecutionListener, org.springframework.boot.test.autoconfigure.web.client.MockRestServiceServerResetTestExecutionListener, org.springframework.boot.test.autoconfigure.web.servlet.MockMvcPrintOnlyOnFailureTestExecutionListener, org.springframework.boot.test.autoconfigure.web.servlet.WebDriverTestExecutionListener, org.springframework.boot.test.mock.mockito.MockitoTestExecutionListener, org.springframework.boot.test.mock.mockito.ResetMocksTestExecutionListener, org.springframework.test.context.web.ServletTestExecutionListener, org.springframework.test.context.support.DirtiesContextBeforeModesTestExecutionListener, org.springframework.test.context.support.DependencyInjectionTestExecutionListener, org.springframework.test.context.support.DirtiesContextTestExecutionListener, org.springframework.test.context.transaction.TransactionalTestExecutionListener, org.springframework.test.context.jdbc.SqlScriptsTestExecutionListener]
2018-12-05 09:50:05.574  INFO 12742 --- [    Test worker] .b.t.c.SpringBootTestContextBootstrapper : Using TestExecutionListeners: [org.springframework.test.context.web.ServletTestExecutionListener@7086931a, org.springframework.test.context.support.DirtiesContextBeforeModesTestExecutionListener@72ec4261, org.springframework.boot.test.mock.mockito.MockitoTestExecutionListener@1c78e5b0, org.springframework.boot.test.autoconfigure.SpringBootDependencyInjectionTestExecutionListener@20fc3a23, org.springframework.test.context.support.DirtiesContextTestExecutionListener@64a66365, org.springframework.test.context.transaction.TransactionalTestExecutionListener@74c9dada, org.springframework.test.context.jdbc.SqlScriptsTestExecutionListener@2fc7f496, org.springframework.boot.test.autoconfigure.restdocs.RestDocsTestExecutionListener@6e2bee6f, org.springframework.boot.test.autoconfigure.web.client.MockRestServiceServerResetTestExecutionListener@39c11584, org.springframework.boot.test.autoconfigure.web.servlet.MockMvcPrintOnlyOnFailureTestExecutionListener@364076c, org.springframework.boot.test.autoconfigure.web.servlet.WebDriverTestExecutionListener@139730d2, org.springframework.boot.test.mock.mockito.ResetMocksTestExecutionListener@22fefc59]
]]></system-out>
  <system-err><![CDATA[]]></system-err>
</testsuite>
