<?xml version="1.0" encoding="UTF-8"?>
<testsuite name="test.pivotal.pal.trackerapi.WelcomeApiTest" tests="1" skipped="0" failures="0" errors="0" timestamp="2018-12-03T10:27:33" hostname="pal8-OptiPlex-7050" time="0.006">
  <properties/>
  <testcase name="exampleTest" classname="test.pivotal.pal.trackerapi.WelcomeApiTest" time="0.006"/>
  <system-out><![CDATA[2018-12-03 15:57:33.657  INFO 10550 --- [    Test worker] .b.t.c.SpringBootTestContextBootstrapper : Neither @ContextConfiguration nor @ContextHierarchy found for test class [test.pivotal.pal.trackerapi.WelcomeApiTest], using SpringBootContextLoader
2018-12-03 15:57:33.657  INFO 10550 --- [    Test worker] o.s.t.c.support.AbstractContextLoader    : Could not detect default resource locations for test class [test.pivotal.pal.trackerapi.WelcomeApiTest]: no resource found for suffixes {-context.xml, Context.groovy}.
2018-12-03 15:57:33.659  INFO 10550 --- [    Test worker] .b.t.c.SpringBootTestContextBootstrapper : Loaded default TestExecutionListener class names from location [META-INF/spring.factories]: [org.springframework.boot.test.autoconfigure.restdocs.RestDocsTestExecutionListener, org.springframework.boot.test.autoconfigure.web.client.MockRestServiceServerResetTestExecutionListener, org.springframework.boot.test.autoconfigure.web.servlet.MockMvcPrintOnlyOnFailureTestExecutionListener, org.springframework.boot.test.autoconfigure.web.servlet.WebDriverTestExecutionListener, org.springframework.boot.test.mock.mockito.MockitoTestExecutionListener, org.springframework.boot.test.mock.mockito.ResetMocksTestExecutionListener, org.springframework.test.context.web.ServletTestExecutionListener, org.springframework.test.context.support.DirtiesContextBeforeModesTestExecutionListener, org.springframework.test.context.support.DependencyInjectionTestExecutionListener, org.springframework.test.context.support.DirtiesContextTestExecutionListener, org.springframework.test.context.transaction.TransactionalTestExecutionListener, org.springframework.test.context.jdbc.SqlScriptsTestExecutionListener]
2018-12-03 15:57:33.660  INFO 10550 --- [    Test worker] .b.t.c.SpringBootTestContextBootstrapper : Using TestExecutionListeners: [org.springframework.test.context.web.ServletTestExecutionListener@537bd4f2, org.springframework.test.context.support.DirtiesContextBeforeModesTestExecutionListener@1b868623, org.springframework.boot.test.mock.mockito.MockitoTestExecutionListener@345de86, org.springframework.boot.test.autoconfigure.SpringBootDependencyInjectionTestExecutionListener@32c10cab, org.springframework.test.context.support.DirtiesContextTestExecutionListener@3f108245, org.springframework.boot.test.autoconfigure.restdocs.RestDocsTestExecutionListener@1008bc1a, org.springframework.boot.test.autoconfigure.web.client.MockRestServiceServerResetTestExecutionListener@3d94e173, org.springframework.boot.test.autoconfigure.web.servlet.MockMvcPrintOnlyOnFailureTestExecutionListener@78a163e, org.springframework.boot.test.autoconfigure.web.servlet.WebDriverTestExecutionListener@3cb3ae20, org.springframework.boot.test.mock.mockito.ResetMocksTestExecutionListener@690e3dc0]
]]></system-out>
  <system-err><![CDATA[]]></system-err>
</testsuite>
