<?xml version="1.0" encoding="UTF-8"?>
<testsuite name="test.pivotal.pal.trackerapi.WelcomeApiTest" tests="1" skipped="0" failures="0" errors="0" timestamp="2018-12-04T09:14:01" hostname="pal8-OptiPlex-7050" time="0.027">
  <properties/>
  <testcase name="exampleTest" classname="test.pivotal.pal.trackerapi.WelcomeApiTest" time="0.027"/>
  <system-out><![CDATA[2018-12-04 14:44:01.782  INFO 13221 --- [    Test worker] .b.t.c.SpringBootTestContextBootstrapper : Neither @ContextConfiguration nor @ContextHierarchy found for test class [test.pivotal.pal.trackerapi.WelcomeApiTest], using SpringBootContextLoader
2018-12-04 14:44:01.784  INFO 13221 --- [    Test worker] o.s.t.c.support.AbstractContextLoader    : Could not detect default resource locations for test class [test.pivotal.pal.trackerapi.WelcomeApiTest]: no resource found for suffixes {-context.xml, Context.groovy}.
2018-12-04 14:44:01.788  INFO 13221 --- [    Test worker] .b.t.c.SpringBootTestContextBootstrapper : Loaded default TestExecutionListener class names from location [META-INF/spring.factories]: [org.springframework.boot.test.autoconfigure.restdocs.RestDocsTestExecutionListener, org.springframework.boot.test.autoconfigure.web.client.MockRestServiceServerResetTestExecutionListener, org.springframework.boot.test.autoconfigure.web.servlet.MockMvcPrintOnlyOnFailureTestExecutionListener, org.springframework.boot.test.autoconfigure.web.servlet.WebDriverTestExecutionListener, org.springframework.boot.test.mock.mockito.MockitoTestExecutionListener, org.springframework.boot.test.mock.mockito.ResetMocksTestExecutionListener, org.springframework.test.context.web.ServletTestExecutionListener, org.springframework.test.context.support.DirtiesContextBeforeModesTestExecutionListener, org.springframework.test.context.support.DependencyInjectionTestExecutionListener, org.springframework.test.context.support.DirtiesContextTestExecutionListener, org.springframework.test.context.transaction.TransactionalTestExecutionListener, org.springframework.test.context.jdbc.SqlScriptsTestExecutionListener]
2018-12-04 14:44:01.789  INFO 13221 --- [    Test worker] .b.t.c.SpringBootTestContextBootstrapper : Using TestExecutionListeners: [org.springframework.test.context.web.ServletTestExecutionListener@6e2bee6f, org.springframework.test.context.support.DirtiesContextBeforeModesTestExecutionListener@39c11584, org.springframework.boot.test.mock.mockito.MockitoTestExecutionListener@364076c, org.springframework.boot.test.autoconfigure.SpringBootDependencyInjectionTestExecutionListener@139730d2, org.springframework.test.context.support.DirtiesContextTestExecutionListener@22fefc59, org.springframework.test.context.transaction.TransactionalTestExecutionListener@13a2a0b7, org.springframework.test.context.jdbc.SqlScriptsTestExecutionListener@305e9ac8, org.springframework.boot.test.autoconfigure.restdocs.RestDocsTestExecutionListener@1ae53db1, org.springframework.boot.test.autoconfigure.web.client.MockRestServiceServerResetTestExecutionListener@4f2c1680, org.springframework.boot.test.autoconfigure.web.servlet.MockMvcPrintOnlyOnFailureTestExecutionListener@498db0ca, org.springframework.boot.test.autoconfigure.web.servlet.WebDriverTestExecutionListener@d41fbe9, org.springframework.boot.test.mock.mockito.ResetMocksTestExecutionListener@3e7a5745]
]]></system-out>
  <system-err><![CDATA[]]></system-err>
</testsuite>
