<?xml version="1.0" encoding="UTF-8"?>
<testsuite name="test.pivotal.pal.trackerapi.TimeEntryApiTest" tests="5" skipped="0" failures="0" errors="0" timestamp="2018-12-04T09:13:59" hostname="pal8-OptiPlex-7050" time="2.329">
  <properties/>
  <testcase name="testList" classname="test.pivotal.pal.trackerapi.TimeEntryApiTest" time="0.427"/>
  <testcase name="testRead" classname="test.pivotal.pal.trackerapi.TimeEntryApiTest" time="0.474"/>
  <testcase name="testCreate" classname="test.pivotal.pal.trackerapi.TimeEntryApiTest" time="0.39"/>
  <testcase name="testDelete" classname="test.pivotal.pal.trackerapi.TimeEntryApiTest" time="0.567"/>
  <testcase name="testUpdate" classname="test.pivotal.pal.trackerapi.TimeEntryApiTest" time="0.464"/>
  <system-out><![CDATA[2018-12-04 14:43:59.441  INFO 13221 --- [    Test worker] .b.t.c.SpringBootTestContextBootstrapper : Neither @ContextConfiguration nor @ContextHierarchy found for test class [test.pivotal.pal.trackerapi.TimeEntryApiTest], using SpringBootContextLoader
2018-12-04 14:43:59.441  INFO 13221 --- [    Test worker] o.s.t.c.support.AbstractContextLoader    : Could not detect default resource locations for test class [test.pivotal.pal.trackerapi.TimeEntryApiTest]: no resource found for suffixes {-context.xml, Context.groovy}.
2018-12-04 14:43:59.443  INFO 13221 --- [    Test worker] .b.t.c.SpringBootTestContextBootstrapper : Loaded default TestExecutionListener class names from location [META-INF/spring.factories]: [org.springframework.boot.test.autoconfigure.restdocs.RestDocsTestExecutionListener, org.springframework.boot.test.autoconfigure.web.client.MockRestServiceServerResetTestExecutionListener, org.springframework.boot.test.autoconfigure.web.servlet.MockMvcPrintOnlyOnFailureTestExecutionListener, org.springframework.boot.test.autoconfigure.web.servlet.WebDriverTestExecutionListener, org.springframework.boot.test.mock.mockito.MockitoTestExecutionListener, org.springframework.boot.test.mock.mockito.ResetMocksTestExecutionListener, org.springframework.test.context.web.ServletTestExecutionListener, org.springframework.test.context.support.DirtiesContextBeforeModesTestExecutionListener, org.springframework.test.context.support.DependencyInjectionTestExecutionListener, org.springframework.test.context.support.DirtiesContextTestExecutionListener, org.springframework.test.context.transaction.TransactionalTestExecutionListener, org.springframework.test.context.jdbc.SqlScriptsTestExecutionListener]
2018-12-04 14:43:59.443  INFO 13221 --- [    Test worker] .b.t.c.SpringBootTestContextBootstrapper : Using TestExecutionListeners: [org.springframework.test.context.web.ServletTestExecutionListener@1b4a7f2d, org.springframework.test.context.support.DirtiesContextBeforeModesTestExecutionListener@6eb6f40a, org.springframework.boot.test.mock.mockito.MockitoTestExecutionListener@3187e4c7, org.springframework.boot.test.autoconfigure.SpringBootDependencyInjectionTestExecutionListener@42955d7f, org.springframework.test.context.support.DirtiesContextTestExecutionListener@aeef117, org.springframework.test.context.transaction.TransactionalTestExecutionListener@532152e4, org.springframework.test.context.jdbc.SqlScriptsTestExecutionListener@5d0e259b, org.springframework.boot.test.autoconfigure.restdocs.RestDocsTestExecutionListener@3598e5e0, org.springframework.boot.test.autoconfigure.web.client.MockRestServiceServerResetTestExecutionListener@4803cc0d, org.springframework.boot.test.autoconfigure.web.servlet.MockMvcPrintOnlyOnFailureTestExecutionListener@11ec119b, org.springframework.boot.test.autoconfigure.web.servlet.WebDriverTestExecutionListener@3d62dcc0, org.springframework.boot.test.mock.mockito.ResetMocksTestExecutionListener@4f278969]
]]></system-out>
  <system-err><![CDATA[]]></system-err>
</testsuite>
