<?xml version="1.0" encoding="UTF-8"?>
<testsuite name="test.pivotal.pal.tracker.TimeEntryControllerTest" tests="7" skipped="0" failures="0" errors="0" timestamp="2018-12-04T08:51:54" hostname="pal8-OptiPlex-7050" time="0.296">
  <properties/>
  <testcase name="testList" classname="test.pivotal.pal.tracker.TimeEntryControllerTest" time="0.292"/>
  <testcase name="testRead" classname="test.pivotal.pal.tracker.TimeEntryControllerTest" time="0.001"/>
  <testcase name="testRead_NotFound" classname="test.pivotal.pal.tracker.TimeEntryControllerTest" time="0.001"/>
  <testcase name="testUpdate_NotFound" classname="test.pivotal.pal.tracker.TimeEntryControllerTest" time="0.001"/>
  <testcase name="testCreate" classname="test.pivotal.pal.tracker.TimeEntryControllerTest" time="0.0"/>
  <testcase name="testDelete" classname="test.pivotal.pal.tracker.TimeEntryControllerTest" time="0.001"/>
  <testcase name="testUpdate" classname="test.pivotal.pal.tracker.TimeEntryControllerTest" time="0.0"/>
  <system-out><![CDATA[]]></system-out>
  <system-err><![CDATA[]]></system-err>
</testsuite>
