<?xml version="1.0" encoding="UTF-8"?>
<testsuite name="test.pivotal.pal.trackerapi.TimeEntryApiTest" tests="5" skipped="0" failures="0" errors="0" timestamp="2018-12-05T04:20:03" hostname="pal8-OptiPlex-7050" time="2.292">
  <properties/>
  <testcase name="testList" classname="test.pivotal.pal.trackerapi.TimeEntryApiTest" time="0.559"/>
  <testcase name="testRead" classname="test.pivotal.pal.trackerapi.TimeEntryApiTest" time="0.334"/>
  <testcase name="testCreate" classname="test.pivotal.pal.trackerapi.TimeEntryApiTest" time="0.343"/>
  <testcase name="testDelete" classname="test.pivotal.pal.trackerapi.TimeEntryApiTest" time="0.594"/>
  <testcase name="testUpdate" classname="test.pivotal.pal.trackerapi.TimeEntryApiTest" time="0.456"/>
  <system-out><![CDATA[2018-12-05 09:50:03.264  INFO 12742 --- [    Test worker] .b.t.c.SpringBootTestContextBootstrapper : Neither @ContextConfiguration nor @ContextHierarchy found for test class [test.pivotal.pal.trackerapi.TimeEntryApiTest], using SpringBootContextLoader
2018-12-05 09:50:03.265  INFO 12742 --- [    Test worker] o.s.t.c.support.AbstractContextLoader    : Could not detect default resource locations for test class [test.pivotal.pal.trackerapi.TimeEntryApiTest]: no resource found for suffixes {-context.xml, Context.groovy}.
2018-12-05 09:50:03.266  INFO 12742 --- [    Test worker] .b.t.c.SpringBootTestContextBootstrapper : Loaded default TestExecutionListener class names from location [META-INF/spring.factories]: [org.springframework.boot.test.autoconfigure.restdocs.RestDocsTestExecutionListener, org.springframework.boot.test.autoconfigure.web.client.MockRestServiceServerResetTestExecutionListener, org.springframework.boot.test.autoconfigure.web.servlet.MockMvcPrintOnlyOnFailureTestExecutionListener, org.springframework.boot.test.autoconfigure.web.servlet.WebDriverTestExecutionListener, org.springframework.boot.test.mock.mockito.MockitoTestExecutionListener, org.springframework.boot.test.mock.mockito.ResetMocksTestExecutionListener, org.springframework.test.context.web.ServletTestExecutionListener, org.springframework.test.context.support.DirtiesContextBeforeModesTestExecutionListener, org.springframework.test.context.support.DependencyInjectionTestExecutionListener, org.springframework.test.context.support.DirtiesContextTestExecutionListener, org.springframework.test.context.transaction.TransactionalTestExecutionListener, org.springframework.test.context.jdbc.SqlScriptsTestExecutionListener]
2018-12-05 09:50:03.267  INFO 12742 --- [    Test worker] .b.t.c.SpringBootTestContextBootstrapper : Using TestExecutionListeners: [org.springframework.test.context.web.ServletTestExecutionListener@5271b3e8, org.springframework.test.context.support.DirtiesContextBeforeModesTestExecutionListener@48177ec6, org.springframework.boot.test.mock.mockito.MockitoTestExecutionListener@1b4a7f2d, org.springframework.boot.test.autoconfigure.SpringBootDependencyInjectionTestExecutionListener@6eb6f40a, org.springframework.test.context.support.DirtiesContextTestExecutionListener@3187e4c7, org.springframework.test.context.transaction.TransactionalTestExecutionListener@42955d7f, org.springframework.test.context.jdbc.SqlScriptsTestExecutionListener@aeef117, org.springframework.boot.test.autoconfigure.restdocs.RestDocsTestExecutionListener@532152e4, org.springframework.boot.test.autoconfigure.web.client.MockRestServiceServerResetTestExecutionListener@5d0e259b, org.springframework.boot.test.autoconfigure.web.servlet.MockMvcPrintOnlyOnFailureTestExecutionListener@3598e5e0, org.springframework.boot.test.autoconfigure.web.servlet.WebDriverTestExecutionListener@4803cc0d, org.springframework.boot.test.mock.mockito.ResetMocksTestExecutionListener@11ec119b]
]]></system-out>
  <system-err><![CDATA[]]></system-err>
</testsuite>
