<?xml version="1.0" encoding="UTF-8"?>
<testsuite name="test.pivotal.pal.trackerapi.WelcomeApiTest" tests="1" skipped="0" failures="0" errors="0" timestamp="2018-12-04T08:51:54" hostname="pal8-OptiPlex-7050" time="0.006">
  <properties/>
  <testcase name="exampleTest" classname="test.pivotal.pal.trackerapi.WelcomeApiTest" time="0.006"/>
  <system-out><![CDATA[2018-12-04 14:21:54.129  INFO 11820 --- [    Test worker] .b.t.c.SpringBootTestContextBootstrapper : Neither @ContextConfiguration nor @ContextHierarchy found for test class [test.pivotal.pal.trackerapi.WelcomeApiTest], using SpringBootContextLoader
2018-12-04 14:21:54.129  INFO 11820 --- [    Test worker] o.s.t.c.support.AbstractContextLoader    : Could not detect default resource locations for test class [test.pivotal.pal.trackerapi.WelcomeApiTest]: no resource found for suffixes {-context.xml, Context.groovy}.
2018-12-04 14:21:54.131  INFO 11820 --- [    Test worker] .b.t.c.SpringBootTestContextBootstrapper : Loaded default TestExecutionListener class names from location [META-INF/spring.factories]: [org.springframework.boot.test.autoconfigure.restdocs.RestDocsTestExecutionListener, org.springframework.boot.test.autoconfigure.web.client.MockRestServiceServerResetTestExecutionListener, org.springframework.boot.test.autoconfigure.web.servlet.MockMvcPrintOnlyOnFailureTestExecutionListener, org.springframework.boot.test.autoconfigure.web.servlet.WebDriverTestExecutionListener, org.springframework.boot.test.mock.mockito.MockitoTestExecutionListener, org.springframework.boot.test.mock.mockito.ResetMocksTestExecutionListener, org.springframework.test.context.web.ServletTestExecutionListener, org.springframework.test.context.support.DirtiesContextBeforeModesTestExecutionListener, org.springframework.test.context.support.DependencyInjectionTestExecutionListener, org.springframework.test.context.support.DirtiesContextTestExecutionListener, org.springframework.test.context.transaction.TransactionalTestExecutionListener, org.springframework.test.context.jdbc.SqlScriptsTestExecutionListener]
2018-12-04 14:21:54.131  INFO 11820 --- [    Test worker] .b.t.c.SpringBootTestContextBootstrapper : Using TestExecutionListeners: [org.springframework.test.context.web.ServletTestExecutionListener@26009f60, org.springframework.test.context.support.DirtiesContextBeforeModesTestExecutionListener@2e0b128, org.springframework.boot.test.mock.mockito.MockitoTestExecutionListener@1c5b47d9, org.springframework.boot.test.autoconfigure.SpringBootDependencyInjectionTestExecutionListener@68438bdd, org.springframework.test.context.support.DirtiesContextTestExecutionListener@4a1af22a, org.springframework.test.context.transaction.TransactionalTestExecutionListener@4d7463b0, org.springframework.test.context.jdbc.SqlScriptsTestExecutionListener@bd78048, org.springframework.boot.test.autoconfigure.restdocs.RestDocsTestExecutionListener@7f3eef8c, org.springframework.boot.test.autoconfigure.web.client.MockRestServiceServerResetTestExecutionListener@6228c9e3, org.springframework.boot.test.autoconfigure.web.servlet.MockMvcPrintOnlyOnFailureTestExecutionListener@caf5ff5, org.springframework.boot.test.autoconfigure.web.servlet.WebDriverTestExecutionListener@3b4d4be8, org.springframework.boot.test.mock.mockito.ResetMocksTestExecutionListener@33878182]
]]></system-out>
  <system-err><![CDATA[]]></system-err>
</testsuite>
